<?xml version="1.0" encoding="UTF-8"?>
<!-- Generated by org.testng.reporters.JUnitReportReporter -->
<testsuite hostname="DESKTOP-TKJE3OB" failures="0" tests="2" name="com.fb.qa.util.Excel_Utils" time="8.970" errors="0" timestamp="2023-02-12T20:42:34 IST" skipped="0">
  <testcase classname="com.fb.qa.util.Excel_Utils" name="getRowCount" time="0.538"/>
  <system-out/>
  <testcase classname="com.fb.qa.util.Excel_Utils" name="getCellData" time="8.432"/>
  <system-out/>
</testsuite> <!-- com.fb.qa.util.Excel_Utils -->
