<?xml version="1.0" encoding="UTF-8"?>
<!-- Generated by org.testng.reporters.JUnitReportReporter -->
<testsuite hostname="DESKTOP-TKJE3OB" failures="0" tests="3" name="com.fb.qa.util.Facebook_Sign_In" time="36.734" errors="0" timestamp="2023-02-25T23:07:07 IST" skipped="0">
  <testcase classname="com.fb.qa.util.Facebook_Sign_In" name="sign_In" time="12.387"/>
  <system-out/>
  <testcase classname="com.fb.qa.util.Facebook_Sign_In" name="sign_In" time="11.840"/>
  <system-out/>
  <testcase classname="com.fb.qa.util.Facebook_Sign_In" name="sign_In" time="12.507"/>
  <system-out/>
</testsuite> <!-- com.fb.qa.util.Facebook_Sign_In -->
