<?xml version="1.0" encoding="UTF-8"?>
<!-- Generated by org.testng.reporters.JUnitReportReporter -->
<testsuite hostname="DESKTOP-TKJE3OB" failures="0" tests="1" name="com.fb.qa.util.Read_Excel_Data" time="0.102" errors="0" timestamp="2023-02-25T23:07:07 IST" skipped="0">
  <testcase classname="com.fb.qa.util.Read_Excel_Data" name="read_Data" time="0.102"/>
  <system-out/>
</testsuite> <!-- com.fb.qa.util.Read_Excel_Data -->
