<?xml version="1.0" encoding="UTF-8"?>
<!-- Generated by org.testng.reporters.JUnitReportReporter -->
<testsuite hostname="DESKTOP-TKJE3OB" failures="0" tests="3" name="com.fb.qa.util.Facebook_Sign_In" time="100.390" errors="0" timestamp="2023-02-13T00:12:34 IST" skipped="0">
  <testcase classname="com.fb.qa.util.Facebook_Sign_In" name="sign_In" time="22.410"/>
  <system-out/>
  <testcase classname="com.fb.qa.util.Facebook_Sign_In" name="sign_In" time="55.165"/>
  <system-out/>
  <testcase classname="com.fb.qa.util.Facebook_Sign_In" name="sign_In" time="22.815"/>
  <system-out/>
</testsuite> <!-- com.fb.qa.util.Facebook_Sign_In -->
