<?xml version="1.0" encoding="UTF-8"?>
<!-- Generated by org.testng.reporters.JUnitReportReporter -->
<testsuite hostname="DESKTOP-TKJE3OB" failures="0" tests="4" name="com.fb.qa.util.Facebook_Sign_In_With_Excel" time="72.506" errors="0" timestamp="2023-02-25T23:07:07 IST" skipped="0">
  <testcase classname="com.fb.qa.util.Facebook_Sign_In_With_Excel" name="sign_In_Using_Excel" time="9.575"/>
  <system-out/>
  <testcase classname="com.fb.qa.util.Facebook_Sign_In_With_Excel" name="sign_In_Using_Excel" time="17.043"/>
  <system-out/>
  <testcase classname="com.fb.qa.util.Facebook_Sign_In_With_Excel" name="sign_In_Using_Excel" time="32.625"/>
  <system-out/>
  <testcase classname="com.fb.qa.util.Facebook_Sign_In_With_Excel" name="sign_In_Using_Excel" time="13.263"/>
  <system-out/>
</testsuite> <!-- com.fb.qa.util.Facebook_Sign_In_With_Excel -->
