<?xml version="1.0" encoding="UTF-8"?>
<!-- Generated by org.testng.reporters.JUnitReportReporter -->
<testsuite hostname="DESKTOP-TKJE3OB" failures="0" tests="4" name="com.fb.qa.util.Facebook_Sign_In_With_Excel" time="142.989" errors="0" timestamp="2023-02-13T02:57:31 IST" skipped="0">
  <testcase classname="com.fb.qa.util.Facebook_Sign_In_With_Excel" name="sign_In" time="25.201"/>
  <system-out/>
  <testcase classname="com.fb.qa.util.Facebook_Sign_In_With_Excel" name="sign_In" time="37.046"/>
  <system-out/>
  <testcase classname="com.fb.qa.util.Facebook_Sign_In_With_Excel" name="sign_In" time="54.877"/>
  <system-out/>
  <testcase classname="com.fb.qa.util.Facebook_Sign_In_With_Excel" name="sign_In" time="25.865"/>
  <system-out/>
</testsuite> <!-- com.fb.qa.util.Facebook_Sign_In_With_Excel -->
